******** Creating User ************
******** User is Created ************
******** Getting User Details ************burton.okeefe
******** Getting User Details Completed************
******** Updating User Details ************burton.okeefe
******** Updated user details Completed ************
******** Deleting User Details ************
******** Deleted User Details Completed ************
******** Creating User ************
******** Getting User Details ************shad.hirthe
******** Updating User Details ************shad.hirthe
******** Deleting User Details ************
******** Creating User ************
******** Getting User Details ************kandi.parisian
******** Updating User Details ************kandi.parisian
******** Deleting User Details ************
******** Creating User ************
******** User is Created ************
******** Getting User Details ************melania.emmerich
******** Getting User Details Completed************
******** Updating User Details ************melania.emmerich
******** Updated user details Completed ************
******** Deleting User Details ************
******** Deleted User Details Completed ************
******** Creating User ************
******** Getting User Details ************edythe.von
******** Updating User Details ************edythe.von
******** Deleting User Details ************
******** Creating User ************
******** Creating User ************
******** User is Created ************
******** Getting User Details ************tim.gislason
******** Getting User Details Completed************
******** Updating User Details ************tim.gislason
******** Updated user details Completed ************
******** Deleting User Details ************
******** Deleted User Details Completed ************
******** Creating User ************
******** Getting User Details ************angelita.conn
******** Updating User Details ************angelita.conn
******** Deleting User Details ************
******** Creating User ************
******** User is Created ************
******** Getting User Details ************roselee.oconnell
******** Getting User Details Completed************
******** Updating User Details ************roselee.oconnell
******** Updated user details Completed ************
******** Deleting User Details ************
******** Deleted User Details Completed ************
******** Creating User ************
******** Getting User Details ************jay.dickens
******** Updating User Details ************jay.dickens
******** Deleting User Details ************
******** Creating User ************
******** User is Created ************
******** Getting User Details ************tony.schaden
******** Getting User Details Completed************
******** Updating User Details ************tony.schaden
******** Updated user details Completed ************
******** Deleting User Details ************
******** Deleted User Details Completed ************
******** Creating User ************
******** Getting User Details ************howard.collins
******** Updating User Details ************howard.collins
******** Deleting User Details ************
******** Creating User ************
******** User is Created ************
******** Getting User Details ************yolanda.bernier
******** Getting User Details Completed************
******** Updating User Details ************yolanda.bernier
******** Updated user details Completed ************
******** Deleting User Details ************
******** Deleted User Details Completed ************
******** Creating User ************
******** User is Created ************
******** Getting User Details ************olen.tillman
******** Getting User Details Completed************
******** Updating User Details ************olen.tillman
******** Updated user details Completed ************
******** Deleting User Details ************
******** Deleted User Details Completed ************
******** Creating User ************
******** User is Created ************
******** Getting User Details ************kraig.dooley
******** Getting User Details Completed************
******** Updating User Details ************kraig.dooley
******** Updated user details Completed ************
******** Deleting User Details ************
******** Deleted User Details Completed ************
******** Creating User ************
******** User is Created ************
******** Getting User Details ************marilynn.leannon
******** Getting User Details Completed************
******** Updating User Details ************marilynn.leannon
******** Updated user details Completed ************
******** Deleting User Details ************
******** Deleted User Details Completed ************
******** Creating User ************
******** User is Created ************
******** Getting User Details ************clemencia.cummings
******** Getting User Details Completed************
******** Updating User Details ************clemencia.cummings
******** Updated user details Completed ************
******** Deleting User Details ************
******** Deleted User Details Completed ************
******** Creating User ************
******** User is Created ************
******** Getting User Details ************bradford.jerde
******** Getting User Details Completed************
******** Updating User Details ************bradford.jerde
******** Updated user details Completed ************
******** Deleting User Details ************
******** Deleted User Details Completed ************
******** Creating User ************
******** User is Created ************
******** Getting User Details ************hyun.grant
******** Getting User Details Completed************
******** Updating User Details ************hyun.grant
******** Updated user details Completed ************
******** Deleting User Details ************
******** Deleted User Details Completed ************
******** Creating User ************
******** User is Created ************
******** Getting User Details ************glen.tremblay
******** Getting User Details Completed************
******** Updating User Details ************glen.tremblay
******** Updated user details Completed ************
******** Deleting User Details ************
******** Deleted User Details Completed ************
******** Creating User ************
******** User is Created ************
******** Getting User Details ************xavier.abbott
******** Getting User Details Completed************
******** Updating User Details ************xavier.abbott
******** Updated user details Completed ************
******** Deleting User Details ************
******** Deleted User Details Completed ************
